<?xml version="1.0" encoding="UTF-8"?>
<!-- Generated by org.testng.reporters.JUnitReportReporter -->
<testsuite skipped="0" hostname="DESKTOP-E9QP468" name="BrowserUtils.BrowserApp" tests="1" failures="0" timestamp="28 Jan 2019 23:28:45 GMT" time="11.683" errors="0">
  <testcase name="LaunchBr" time="11.683" classname="BrowserUtils.BrowserApp"/>
</testsuite> <!-- BrowserUtils.BrowserApp -->
